Arguments: 
  C:\Program Files\nodejs\node.exe C:\Program Files (x86)\Yarn\bin\yarn.js

PATH: 
  C:\ProgramData\Oracle\Java\javapath;C:\Windows\system32;C:\Windows;C:\Windows\System32\Wbem;C:\Windows\System32\WindowsPowerShell\v1.0\;C:\Program Files\nodejs\;C:\Program Files (x86)\Yarn\bin;C:\Program Files\Microsoft Windows Performance Toolkit\;C:\Program Files\Git\cmd;C:\Users\Administrator\AppData\Local\Android\Sdk\tools;C:\Users\Administrator\AppData\Local\Android\Sdk\platform-tools;C:\python27;C:\Program Files\Microsoft VS Code\bin;C:\Users\Administrator\AppData\Roaming\npm;C:\Users\Administrator\AppData\Local\Yarn\bin;c:\watchman;C:\Users\Administrator\AppData\Local\GitHubDesktop\bin

Yarn version: 
  1.3.2

Node version: 
  8.9.3

Platform: 
  win32 x64

npm manifest: 
  {
    "name": "ant-design-pro",
    "version": "1.0.1",
    "description": "An out-of-box UI solution for enterprise applications",
    "private": true,
    "scripts": {
      "precommit": "npm run lint-staged",
      "start": "cross-env NO_PROXY=true DISABLE_ESLINT=true roadhog dev",
      "start:no-proxy": "cross-env NO_PROXY=true DISABLE_ESLINT=true roadhog dev",
      "build": "cross-env DISABLE_ESLINT=true roadhog build",
      "site": "roadhog-api-doc static && gh-pages -d dist",
      "analyze": "cross-env ANALYZE=true roadhog build",
      "lint:style": "stylelint \"src/**/*.less\" --syntax less",
      "lint": "eslint --ext .js src mock tests && npm run lint:style",
      "lint:fix": "eslint --fix --ext .js src mock tests && npm run lint:style",
      "lint-staged": "lint-staged",
      "lint-staged:js": "eslint --ext .js",
      "test": "roadhog test",
      "test:component": "roadhog test ./src/components",
      "test:all": "node ./tests/run-tests.js"
    },
    "dependencies": {
      "@antv/data-set": "^0.8.0",
      "@babel/polyfill": "^7.0.0-beta.36",
      "antd": "^3.1.0",
      "babel-runtime": "^6.9.2",
      "bizcharts": "^3.1.0-beta.4",
      "bizcharts-plugin-slider": "^2.0.1",
      "classnames": "^2.2.5",
      "dva": "^2.1.0",
      "dva-loading": "^1.0.4",
      "enquire-js": "^0.1.1",
      "fastclick": "^1.0.6",
      "lodash": "^4.17.4",
      "lodash-decorators": "^4.4.1",
      "moment": "^2.19.1",
      "numeral": "^2.0.6",
      "omit.js": "^1.0.0",
      "path-to-regexp": "^2.1.0",
      "prop-types": "^15.5.10",
      "qs": "^6.5.0",
      "rc-drawer-menu": "^0.5.0",
      "react": "^16.2.0",
      "react-container-query": "^0.9.1",
      "react-document-title": "^2.0.3",
      "react-dom": "^16.2.0",
      "react-fittext": "^1.0.0",
      "url-polyfill": "^1.0.10"
    },
    "devDependencies": {
      "babel-eslint": "^8.1.2",
      "babel-plugin-dva-hmr": "^0.4.1",
      "babel-plugin-import": "^1.6.3",
      "babel-plugin-transform-decorators-legacy": "^1.3.4",
      "cross-env": "^5.1.1",
      "cross-port-killer": "^1.0.1",
      "enzyme": "^3.1.0",
      "eslint": "^4.14.0",
      "eslint-config-airbnb": "^16.0.0",
      "eslint-plugin-babel": "^4.0.0",
      "eslint-plugin-compat": "^2.1.0",
      "eslint-plugin-import": "^2.8.0",
      "eslint-plugin-jsx-a11y": "^6.0.3",
      "eslint-plugin-markdown": "^1.0.0-beta.6",
      "eslint-plugin-react": "^7.0.1",
      "gh-pages": "^1.0.0",
      "husky": "^0.14.3",
      "lint-staged": "^6.0.0",
      "mockjs": "^1.0.1-beta3",
      "pro-download": "^1.0.1",
      "redbox-react": "^1.5.0",
      "regenerator-runtime": "^0.11.1",
      "roadhog": "^2.1.0",
      "roadhog-api-doc": "^0.3.4",
      "rollbar": "^2.3.4",
      "stylelint": "^8.4.0",
      "stylelint-config-standard": "^18.0.0"
    },
    "optionalDependencies": {
      "nightmare": "^2.10.0"
    },
    "lint-staged": {
      "**/*.{js,jsx}": "lint-staged:js",
      "**/*.less": "stylelint --syntax less"
    },
    "browserslist": [
      "> 1%",
      "last 2 versions",
      "not ie <= 10"
    ]
  }

yarn manifest: 
  No manifest

Lockfile: 
  No lockfile

Trace: 
  Error: connect EHOSTUNREACH 104.16.63.173:443
      at Object._errnoException (util.js:1024:11)
      at _exceptionWithHostPort (util.js:1046:20)
      at TCPConnectWrap.afterConnect [as oncomplete] (net.js:1182:14)
